Info: Starting: Create block symbol file (.bsf)
Info: qsys-generate D:\Documents\UIUC\ECE\385\FinalProject\chesssoc.qsys --block-symbol-file --output-directory=D:\Documents\UIUC\ECE\385\FinalProject\chesssoc --family="MAX 10" --part=10M50DAF484C7G
Progress: Loading FinalProject/chesssoc.qsys
Progress: Reading input file
Progress: Adding VGA_text_mode_controller_0 [VGA_text_mode_controller 6.9]
Progress: Parameterizing module VGA_text_mode_controller_0
Progress: Adding clk_0 [clock_source 18.1]
Progress: Parameterizing module clk_0
Progress: Adding hex_digits_pio [altera_avalon_pio 18.1]
Progress: Parameterizing module hex_digits_pio
Progress: Adding jtag_uart_0 [altera_avalon_jtag_uart 18.1]
Progress: Parameterizing module jtag_uart_0
Progress: Adding key [altera_avalon_pio 18.1]
Progress: Parameterizing module key
Progress: Adding keycode [altera_avalon_pio 18.1]
Progress: Parameterizing module keycode
Progress: Adding leds_pio [altera_avalon_pio 18.1]
Progress: Parameterizing module leds_pio
Progress: Adding nios2_gen2_0 [altera_nios2_gen2 18.1]
Progress: Parameterizing module nios2_gen2_0
Progress: Adding onchip_memory2_0 [altera_avalon_onchip_memory2 18.1]
Progress: Parameterizing module onchip_memory2_0
Progress: Adding sdram [altera_avalon_new_sdram_controller 18.1]
Progress: Parameterizing module sdram
Progress: Adding sdram_pll [altpll 18.1]
Progress: Parameterizing module sdram_pll
Progress: Adding spi_0 [altera_avalon_spi 18.1]
Progress: Parameterizing module spi_0
Progress: Adding sysid_qsys_0 [altera_avalon_sysid_qsys 18.1]
Progress: Parameterizing module sysid_qsys_0
Progress: Adding timer_0 [altera_avalon_timer 18.1]
Progress: Parameterizing module timer_0
Progress: Adding usb_gpx [altera_avalon_pio 18.1]
Progress: Parameterizing module usb_gpx
Progress: Adding usb_irq [altera_avalon_pio 18.1]
Progress: Parameterizing module usb_irq
Progress: Adding usb_rst [altera_avalon_pio 18.1]
Progress: Parameterizing module usb_rst
Progress: Building connections
Progress: Parameterizing connections
Progress: Validating
Progress: Done reading input file
Info: chesssoc.jtag_uart_0: JTAG UART IP input clock need to be at least double (2x) the operating frequency of JTAG TCK on board
Info: chesssoc.key: PIO inputs are not hardwired in test bench. Undefined values will be read from PIO inputs during simulation.
Info: chesssoc.sdram: SDRAM Controller will only be supported in Quartus Prime Standard Edition in the future release.
Info: chesssoc.sysid_qsys_0: System ID is not assigned automatically. Edit the System ID parameter to provide a unique ID
Info: chesssoc.sysid_qsys_0: Time stamp will be automatically updated when this component is generated.
Info: chesssoc.usb_gpx: PIO inputs are not hardwired in test bench. Undefined values will be read from PIO inputs during simulation.
Info: chesssoc.usb_irq: PIO inputs are not hardwired in test bench. Undefined values will be read from PIO inputs during simulation.
Info: qsys-generate succeeded.
Info: Finished: Create block symbol file (.bsf)
Info: 
Info: Starting: Create HDL design files for synthesis
Info: qsys-generate D:\Documents\UIUC\ECE\385\FinalProject\chesssoc.qsys --synthesis=VERILOG --output-directory=D:\Documents\UIUC\ECE\385\FinalProject\chesssoc\synthesis --family="MAX 10" --part=10M50DAF484C7G
Progress: Loading FinalProject/chesssoc.qsys
Progress: Reading input file
Progress: Adding VGA_text_mode_controller_0 [VGA_text_mode_controller 6.9]
Progress: Parameterizing module VGA_text_mode_controller_0
Progress: Adding clk_0 [clock_source 18.1]
Progress: Parameterizing module clk_0
Progress: Adding hex_digits_pio [altera_avalon_pio 18.1]
Progress: Parameterizing module hex_digits_pio
Progress: Adding jtag_uart_0 [altera_avalon_jtag_uart 18.1]
Progress: Parameterizing module jtag_uart_0
Progress: Adding key [altera_avalon_pio 18.1]
Progress: Parameterizing module key
Progress: Adding keycode [altera_avalon_pio 18.1]
Progress: Parameterizing module keycode
Progress: Adding leds_pio [altera_avalon_pio 18.1]
Progress: Parameterizing module leds_pio
Progress: Adding nios2_gen2_0 [altera_nios2_gen2 18.1]
Progress: Parameterizing module nios2_gen2_0
Progress: Adding onchip_memory2_0 [altera_avalon_onchip_memory2 18.1]
Progress: Parameterizing module onchip_memory2_0
Progress: Adding sdram [altera_avalon_new_sdram_controller 18.1]
Progress: Parameterizing module sdram
Progress: Adding sdram_pll [altpll 18.1]
Progress: Parameterizing module sdram_pll
Progress: Adding spi_0 [altera_avalon_spi 18.1]
Progress: Parameterizing module spi_0
Progress: Adding sysid_qsys_0 [altera_avalon_sysid_qsys 18.1]
Progress: Parameterizing module sysid_qsys_0
Progress: Adding timer_0 [altera_avalon_timer 18.1]
Progress: Parameterizing module timer_0
Progress: Adding usb_gpx [altera_avalon_pio 18.1]
Progress: Parameterizing module usb_gpx
Progress: Adding usb_irq [altera_avalon_pio 18.1]
Progress: Parameterizing module usb_irq
Progress: Adding usb_rst [altera_avalon_pio 18.1]
Progress: Parameterizing module usb_rst
Progress: Building connections
Progress: Parameterizing connections
Progress: Validating
Progress: Done reading input file
Info: chesssoc.jtag_uart_0: JTAG UART IP input clock need to be at least double (2x) the operating frequency of JTAG TCK on board
Info: chesssoc.key: PIO inputs are not hardwired in test bench. Undefined values will be read from PIO inputs during simulation.
Info: chesssoc.sdram: SDRAM Controller will only be supported in Quartus Prime Standard Edition in the future release.
Info: chesssoc.sysid_qsys_0: System ID is not assigned automatically. Edit the System ID parameter to provide a unique ID
Info: chesssoc.sysid_qsys_0: Time stamp will be automatically updated when this component is generated.
Info: chesssoc.usb_gpx: PIO inputs are not hardwired in test bench. Undefined values will be read from PIO inputs during simulation.
Info: chesssoc.usb_irq: PIO inputs are not hardwired in test bench. Undefined values will be read from PIO inputs during simulation.
Info: chesssoc: Generating chesssoc "chesssoc" for QUARTUS_SYNTH
Info: Inserting clock-crossing logic between cmd_demux.src6 and cmd_mux_006.sink0
Info: Inserting clock-crossing logic between cmd_demux_001.src6 and cmd_mux_006.sink1
Info: Inserting clock-crossing logic between rsp_demux_006.src0 and rsp_mux.sink6
Info: Inserting clock-crossing logic between rsp_demux_006.src1 and rsp_mux_001.sink6
Info: VGA_text_mode_controller_0: "chesssoc" instantiated VGA_text_mode_controller "VGA_text_mode_controller_0"
Info: hex_digits_pio: Starting RTL generation for module 'chesssoc_hex_digits_pio'
Info: hex_digits_pio:   Generation command is [exec C:/intelfpga_lite/18.1/quartus/bin64/perl/bin/perl.exe -I C:/intelfpga_lite/18.1/quartus/bin64/perl/lib -I C:/intelfpga_lite/18.1/quartus/sopc_builder/bin/europa -I C:/intelfpga_lite/18.1/quartus/sopc_builder/bin/perl_lib -I C:/intelfpga_lite/18.1/quartus/sopc_builder/bin -I C:/intelfpga_lite/18.1/quartus/../ip/altera/sopc_builder_ip/common -I C:/intelfpga_lite/18.1/quartus/../ip/altera/sopc_builder_ip/altera_avalon_pio -- C:/intelfpga_lite/18.1/quartus/../ip/altera/sopc_builder_ip/altera_avalon_pio/generate_rtl.pl --name=chesssoc_hex_digits_pio --dir=C:/Users/john/AppData/Local/Temp/alt9331_3515836926922349301.dir/0576_hex_digits_pio_gen/ --quartus_dir=C:/intelfpga_lite/18.1/quartus --verilog --config=C:/Users/john/AppData/Local/Temp/alt9331_3515836926922349301.dir/0576_hex_digits_pio_gen//chesssoc_hex_digits_pio_component_configuration.pl  --do_build_sim=0  ]
Info: hex_digits_pio: Done RTL generation for module 'chesssoc_hex_digits_pio'
Info: hex_digits_pio: "chesssoc" instantiated altera_avalon_pio "hex_digits_pio"
Info: jtag_uart_0: Starting RTL generation for module 'chesssoc_jtag_uart_0'
Info: jtag_uart_0:   Generation command is [exec C:/intelfpga_lite/18.1/quartus/bin64/perl/bin/perl.exe -I C:/intelfpga_lite/18.1/quartus/bin64/perl/lib -I C:/intelfpga_lite/18.1/quartus/sopc_builder/bin/europa -I C:/intelfpga_lite/18.1/quartus/sopc_builder/bin/perl_lib -I C:/intelfpga_lite/18.1/quartus/sopc_builder/bin -I C:/intelfpga_lite/18.1/quartus/../ip/altera/sopc_builder_ip/common -I C:/intelfpga_lite/18.1/quartus/../ip/altera/sopc_builder_ip/altera_avalon_jtag_uart -- C:/intelfpga_lite/18.1/quartus/../ip/altera/sopc_builder_ip/altera_avalon_jtag_uart/generate_rtl.pl --name=chesssoc_jtag_uart_0 --dir=C:/Users/john/AppData/Local/Temp/alt9331_3515836926922349301.dir/0577_jtag_uart_0_gen/ --quartus_dir=C:/intelfpga_lite/18.1/quartus --verilog --config=C:/Users/john/AppData/Local/Temp/alt9331_3515836926922349301.dir/0577_jtag_uart_0_gen//chesssoc_jtag_uart_0_component_configuration.pl  --do_build_sim=0  ]
Info: jtag_uart_0: Done RTL generation for module 'chesssoc_jtag_uart_0'
Info: jtag_uart_0: "chesssoc" instantiated altera_avalon_jtag_uart "jtag_uart_0"
Info: key: Starting RTL generation for module 'chesssoc_key'
Info: key:   Generation command is [exec C:/intelfpga_lite/18.1/quartus/bin64/perl/bin/perl.exe -I C:/intelfpga_lite/18.1/quartus/bin64/perl/lib -I C:/intelfpga_lite/18.1/quartus/sopc_builder/bin/europa -I C:/intelfpga_lite/18.1/quartus/sopc_builder/bin/perl_lib -I C:/intelfpga_lite/18.1/quartus/sopc_builder/bin -I C:/intelfpga_lite/18.1/quartus/../ip/altera/sopc_builder_ip/common -I C:/intelfpga_lite/18.1/quartus/../ip/altera/sopc_builder_ip/altera_avalon_pio -- C:/intelfpga_lite/18.1/quartus/../ip/altera/sopc_builder_ip/altera_avalon_pio/generate_rtl.pl --name=chesssoc_key --dir=C:/Users/john/AppData/Local/Temp/alt9331_3515836926922349301.dir/0578_key_gen/ --quartus_dir=C:/intelfpga_lite/18.1/quartus --verilog --config=C:/Users/john/AppData/Local/Temp/alt9331_3515836926922349301.dir/0578_key_gen//chesssoc_key_component_configuration.pl  --do_build_sim=0  ]
Info: key: Done RTL generation for module 'chesssoc_key'
Info: key: "chesssoc" instantiated altera_avalon_pio "key"
Info: keycode: Starting RTL generation for module 'chesssoc_keycode'
Info: keycode:   Generation command is [exec C:/intelfpga_lite/18.1/quartus/bin64/perl/bin/perl.exe -I C:/intelfpga_lite/18.1/quartus/bin64/perl/lib -I C:/intelfpga_lite/18.1/quartus/sopc_builder/bin/europa -I C:/intelfpga_lite/18.1/quartus/sopc_builder/bin/perl_lib -I C:/intelfpga_lite/18.1/quartus/sopc_builder/bin -I C:/intelfpga_lite/18.1/quartus/../ip/altera/sopc_builder_ip/common -I C:/intelfpga_lite/18.1/quartus/../ip/altera/sopc_builder_ip/altera_avalon_pio -- C:/intelfpga_lite/18.1/quartus/../ip/altera/sopc_builder_ip/altera_avalon_pio/generate_rtl.pl --name=chesssoc_keycode --dir=C:/Users/john/AppData/Local/Temp/alt9331_3515836926922349301.dir/0579_keycode_gen/ --quartus_dir=C:/intelfpga_lite/18.1/quartus --verilog --config=C:/Users/john/AppData/Local/Temp/alt9331_3515836926922349301.dir/0579_keycode_gen//chesssoc_keycode_component_configuration.pl  --do_build_sim=0  ]
Info: keycode: Done RTL generation for module 'chesssoc_keycode'
Info: keycode: "chesssoc" instantiated altera_avalon_pio "keycode"
Info: leds_pio: Starting RTL generation for module 'chesssoc_leds_pio'
Info: leds_pio:   Generation command is [exec C:/intelfpga_lite/18.1/quartus/bin64/perl/bin/perl.exe -I C:/intelfpga_lite/18.1/quartus/bin64/perl/lib -I C:/intelfpga_lite/18.1/quartus/sopc_builder/bin/europa -I C:/intelfpga_lite/18.1/quartus/sopc_builder/bin/perl_lib -I C:/intelfpga_lite/18.1/quartus/sopc_builder/bin -I C:/intelfpga_lite/18.1/quartus/../ip/altera/sopc_builder_ip/common -I C:/intelfpga_lite/18.1/quartus/../ip/altera/sopc_builder_ip/altera_avalon_pio -- C:/intelfpga_lite/18.1/quartus/../ip/altera/sopc_builder_ip/altera_avalon_pio/generate_rtl.pl --name=chesssoc_leds_pio --dir=C:/Users/john/AppData/Local/Temp/alt9331_3515836926922349301.dir/0580_leds_pio_gen/ --quartus_dir=C:/intelfpga_lite/18.1/quartus --verilog --config=C:/Users/john/AppData/Local/Temp/alt9331_3515836926922349301.dir/0580_leds_pio_gen//chesssoc_leds_pio_component_configuration.pl  --do_build_sim=0  ]
Info: leds_pio: Done RTL generation for module 'chesssoc_leds_pio'
Info: leds_pio: "chesssoc" instantiated altera_avalon_pio "leds_pio"
Info: nios2_gen2_0: "chesssoc" instantiated altera_nios2_gen2 "nios2_gen2_0"
Info: onchip_memory2_0: Starting RTL generation for module 'chesssoc_onchip_memory2_0'
Info: onchip_memory2_0:   Generation command is [exec C:/intelfpga_lite/18.1/quartus/bin64/perl/bin/perl.exe -I C:/intelfpga_lite/18.1/quartus/bin64/perl/lib -I C:/intelfpga_lite/18.1/quartus/sopc_builder/bin/europa -I C:/intelfpga_lite/18.1/quartus/sopc_builder/bin/perl_lib -I C:/intelfpga_lite/18.1/quartus/sopc_builder/bin -I C:/intelfpga_lite/18.1/quartus/../ip/altera/sopc_builder_ip/common -I C:/intelfpga_lite/18.1/quartus/../ip/altera/sopc_builder_ip/altera_avalon_onchip_memory2 -- C:/intelfpga_lite/18.1/quartus/../ip/altera/sopc_builder_ip/altera_avalon_onchip_memory2/generate_rtl.pl --name=chesssoc_onchip_memory2_0 --dir=C:/Users/john/AppData/Local/Temp/alt9331_3515836926922349301.dir/0581_onchip_memory2_0_gen/ --quartus_dir=C:/intelfpga_lite/18.1/quartus --verilog --config=C:/Users/john/AppData/Local/Temp/alt9331_3515836926922349301.dir/0581_onchip_memory2_0_gen//chesssoc_onchip_memory2_0_component_configuration.pl  --do_build_sim=0  ]
Info: onchip_memory2_0: Done RTL generation for module 'chesssoc_onchip_memory2_0'
Info: onchip_memory2_0: "chesssoc" instantiated altera_avalon_onchip_memory2 "onchip_memory2_0"
Info: sdram: Starting RTL generation for module 'chesssoc_sdram'
Info: sdram:   Generation command is [exec C:/intelfpga_lite/18.1/quartus/bin64/perl/bin/perl.exe -I C:/intelfpga_lite/18.1/quartus/bin64/perl/lib -I C:/intelfpga_lite/18.1/quartus/sopc_builder/bin/europa -I C:/intelfpga_lite/18.1/quartus/sopc_builder/bin/perl_lib -I C:/intelfpga_lite/18.1/quartus/sopc_builder/bin -I C:/intelfpga_lite/18.1/quartus/../ip/altera/sopc_builder_ip/common -I C:/intelfpga_lite/18.1/quartus/../ip/altera/sopc_builder_ip/altera_avalon_new_sdram_controller -- C:/intelfpga_lite/18.1/quartus/../ip/altera/sopc_builder_ip/altera_avalon_new_sdram_controller/generate_rtl.pl --name=chesssoc_sdram --dir=C:/Users/john/AppData/Local/Temp/alt9331_3515836926922349301.dir/0582_sdram_gen/ --quartus_dir=C:/intelfpga_lite/18.1/quartus --verilog --config=C:/Users/john/AppData/Local/Temp/alt9331_3515836926922349301.dir/0582_sdram_gen//chesssoc_sdram_component_configuration.pl  --do_build_sim=0  ]
Info: sdram: Done RTL generation for module 'chesssoc_sdram'
Info: sdram: "chesssoc" instantiated altera_avalon_new_sdram_controller "sdram"
Info: sdram_pll: "chesssoc" instantiated altpll "sdram_pll"
Info: spi_0: Starting RTL generation for module 'chesssoc_spi_0'
Info: spi_0:   Generation command is [exec C:/intelfpga_lite/18.1/quartus/bin64/perl/bin/perl.exe -I C:/intelfpga_lite/18.1/quartus/bin64/perl/lib -I C:/intelfpga_lite/18.1/quartus/sopc_builder/bin/europa -I C:/intelfpga_lite/18.1/quartus/sopc_builder/bin/perl_lib -I C:/intelfpga_lite/18.1/quartus/sopc_builder/bin -I C:/intelfpga_lite/18.1/quartus/../ip/altera/sopc_builder_ip/common -I C:/intelfpga_lite/18.1/quartus/../ip/altera/sopc_builder_ip/altera_avalon_spi -- C:/intelfpga_lite/18.1/quartus/../ip/altera/sopc_builder_ip/altera_avalon_spi/generate_rtl.pl --name=chesssoc_spi_0 --dir=C:/Users/john/AppData/Local/Temp/alt9331_3515836926922349301.dir/0585_spi_0_gen/ --quartus_dir=C:/intelfpga_lite/18.1/quartus --verilog --config=C:/Users/john/AppData/Local/Temp/alt9331_3515836926922349301.dir/0585_spi_0_gen//chesssoc_spi_0_component_configuration.pl  --do_build_sim=0  ]
Info: spi_0: Done RTL generation for module 'chesssoc_spi_0'
Info: spi_0: "chesssoc" instantiated altera_avalon_spi "spi_0"
Info: sysid_qsys_0: "chesssoc" instantiated altera_avalon_sysid_qsys "sysid_qsys_0"
Info: timer_0: Starting RTL generation for module 'chesssoc_timer_0'
Info: timer_0:   Generation command is [exec C:/intelFPGA_lite/18.1/quartus/bin64//perl/bin/perl.exe -I C:/intelFPGA_lite/18.1/quartus/bin64//perl/lib -I C:/intelfpga_lite/18.1/quartus/sopc_builder/bin/europa -I C:/intelfpga_lite/18.1/quartus/sopc_builder/bin/perl_lib -I C:/intelfpga_lite/18.1/quartus/sopc_builder/bin -I C:/intelfpga_lite/18.1/quartus/../ip/altera/sopc_builder_ip/common -I C:/intelfpga_lite/18.1/quartus/../ip/altera/sopc_builder_ip/altera_avalon_timer -- C:/intelfpga_lite/18.1/quartus/../ip/altera/sopc_builder_ip/altera_avalon_timer/generate_rtl.pl --name=chesssoc_timer_0 --dir=C:/Users/john/AppData/Local/Temp/alt9331_3515836926922349301.dir/0587_timer_0_gen/ --quartus_dir=C:/intelfpga_lite/18.1/quartus --verilog --config=C:/Users/john/AppData/Local/Temp/alt9331_3515836926922349301.dir/0587_timer_0_gen//chesssoc_timer_0_component_configuration.pl  --do_build_sim=0  ]
Info: timer_0: Done RTL generation for module 'chesssoc_timer_0'
Info: timer_0: "chesssoc" instantiated altera_avalon_timer "timer_0"
Info: usb_gpx: Starting RTL generation for module 'chesssoc_usb_gpx'
Info: usb_gpx:   Generation command is [exec C:/intelfpga_lite/18.1/quartus/bin64/perl/bin/perl.exe -I C:/intelfpga_lite/18.1/quartus/bin64/perl/lib -I C:/intelfpga_lite/18.1/quartus/sopc_builder/bin/europa -I C:/intelfpga_lite/18.1/quartus/sopc_builder/bin/perl_lib -I C:/intelfpga_lite/18.1/quartus/sopc_builder/bin -I C:/intelfpga_lite/18.1/quartus/../ip/altera/sopc_builder_ip/common -I C:/intelfpga_lite/18.1/quartus/../ip/altera/sopc_builder_ip/altera_avalon_pio -- C:/intelfpga_lite/18.1/quartus/../ip/altera/sopc_builder_ip/altera_avalon_pio/generate_rtl.pl --name=chesssoc_usb_gpx --dir=C:/Users/john/AppData/Local/Temp/alt9331_3515836926922349301.dir/0588_usb_gpx_gen/ --quartus_dir=C:/intelfpga_lite/18.1/quartus --verilog --config=C:/Users/john/AppData/Local/Temp/alt9331_3515836926922349301.dir/0588_usb_gpx_gen//chesssoc_usb_gpx_component_configuration.pl  --do_build_sim=0  ]
Info: usb_gpx: Done RTL generation for module 'chesssoc_usb_gpx'
Info: usb_gpx: "chesssoc" instantiated altera_avalon_pio "usb_gpx"
Info: usb_rst: Starting RTL generation for module 'chesssoc_usb_rst'
Info: usb_rst:   Generation command is [exec C:/intelfpga_lite/18.1/quartus/bin64/perl/bin/perl.exe -I C:/intelfpga_lite/18.1/quartus/bin64/perl/lib -I C:/intelfpga_lite/18.1/quartus/sopc_builder/bin/europa -I C:/intelfpga_lite/18.1/quartus/sopc_builder/bin/perl_lib -I C:/intelfpga_lite/18.1/quartus/sopc_builder/bin -I C:/intelfpga_lite/18.1/quartus/../ip/altera/sopc_builder_ip/common -I C:/intelfpga_lite/18.1/quartus/../ip/altera/sopc_builder_ip/altera_avalon_pio -- C:/intelfpga_lite/18.1/quartus/../ip/altera/sopc_builder_ip/altera_avalon_pio/generate_rtl.pl --name=chesssoc_usb_rst --dir=C:/Users/john/AppData/Local/Temp/alt9331_3515836926922349301.dir/0589_usb_rst_gen/ --quartus_dir=C:/intelfpga_lite/18.1/quartus --verilog --config=C:/Users/john/AppData/Local/Temp/alt9331_3515836926922349301.dir/0589_usb_rst_gen//chesssoc_usb_rst_component_configuration.pl  --do_build_sim=0  ]
Info: usb_rst: Done RTL generation for module 'chesssoc_usb_rst'
Info: usb_rst: "chesssoc" instantiated altera_avalon_pio "usb_rst"
Info: avalon_st_adapter: Inserting error_adapter: error_adapter_0
Info: avalon_st_adapter_001: Inserting error_adapter: error_adapter_0
Info: avalon_st_adapter_002: Inserting error_adapter: error_adapter_0
Info: avalon_st_adapter_003: Inserting error_adapter: error_adapter_0
Info: avalon_st_adapter_004: Inserting error_adapter: error_adapter_0
Info: avalon_st_adapter_005: Inserting error_adapter: error_adapter_0
Info: avalon_st_adapter_006: Inserting error_adapter: error_adapter_0
Info: avalon_st_adapter_007: Inserting error_adapter: error_adapter_0
Info: avalon_st_adapter_008: Inserting error_adapter: error_adapter_0
Info: avalon_st_adapter_009: Inserting error_adapter: error_adapter_0
Info: avalon_st_adapter_010: Inserting error_adapter: error_adapter_0
Info: avalon_st_adapter_011: Inserting error_adapter: error_adapter_0
Info: avalon_st_adapter_012: Inserting error_adapter: error_adapter_0
Info: avalon_st_adapter_013: Inserting error_adapter: error_adapter_0
Info: avalon_st_adapter_014: Inserting error_adapter: error_adapter_0
Info: avalon_st_adapter_015: Inserting error_adapter: error_adapter_0
Info: mm_interconnect_0: "chesssoc" instantiated altera_mm_interconnect "mm_interconnect_0"
Info: irq_mapper: "chesssoc" instantiated altera_irq_mapper "irq_mapper"
Info: rst_controller: "chesssoc" instantiated altera_reset_controller "rst_controller"
Info: cpu: Starting RTL generation for module 'chesssoc_nios2_gen2_0_cpu'
Info: cpu:   Generation command is [exec C:/intelFPGA_lite/18.1/quartus/bin64//eperlcmd.exe -I C:/intelFPGA_lite/18.1/quartus/bin64//perl/lib -I C:/intelfpga_lite/18.1/quartus/sopc_builder/bin/europa -I C:/intelfpga_lite/18.1/quartus/sopc_builder/bin/perl_lib -I C:/intelfpga_lite/18.1/quartus/sopc_builder/bin -I C:/intelfpga_lite/18.1/quartus/../ip/altera/nios2_ip/altera_nios2_gen2/cpu_lib -I C:/intelfpga_lite/18.1/quartus/../ip/altera/nios2_ip/altera_nios2_gen2/nios_lib -I C:/intelfpga_lite/18.1/quartus/../ip/altera/nios2_ip/altera_nios2_gen2 -I C:/intelfpga_lite/18.1/quartus/../ip/altera/nios2_ip/altera_nios2_gen2 -- C:/intelfpga_lite/18.1/quartus/../ip/altera/nios2_ip/altera_nios2_gen2/generate_rtl.epl --name=chesssoc_nios2_gen2_0_cpu --dir=C:/Users/john/AppData/Local/Temp/alt9331_3515836926922349301.dir/0592_cpu_gen/ --quartus_bindir=C:/intelFPGA_lite/18.1/quartus/bin64/ --verilog --config=C:/Users/john/AppData/Local/Temp/alt9331_3515836926922349301.dir/0592_cpu_gen//chesssoc_nios2_gen2_0_cpu_processor_configuration.pl  --do_build_sim=0  ]
Info: cpu: # 2022.12.07 02:00:21 (*) Starting Nios II generation
Info: cpu: # 2022.12.07 02:00:21 (*)   Checking for plaintext license.
Info: cpu: # 2022.12.07 02:00:22 (*)   Couldn't query license setup in Quartus directory C:/intelFPGA_lite/18.1/quartus/bin64/
Info: cpu: # 2022.12.07 02:00:22 (*)   Defaulting to contents of LM_LICENSE_FILE environment variable
Info: cpu: # 2022.12.07 02:00:22 (*)   LM_LICENSE_FILE environment variable is empty
Info: cpu: # 2022.12.07 02:00:22 (*)   Plaintext license not found.
Info: cpu: # 2022.12.07 02:00:22 (*)   No license required to generate encrypted Nios II/e.
Info: cpu: # 2022.12.07 02:00:22 (*)   Elaborating CPU configuration settings
Info: cpu: # 2022.12.07 02:00:22 (*)   Creating all objects for CPU
Info: cpu: # 2022.12.07 02:00:23 (*)   Generating RTL from CPU objects
Info: cpu: # 2022.12.07 02:00:23 (*)   Creating plain-text RTL
Info: cpu: # 2022.12.07 02:00:24 (*) Done Nios II generation
Info: cpu: Done RTL generation for module 'chesssoc_nios2_gen2_0_cpu'
Info: cpu: "nios2_gen2_0" instantiated altera_nios2_gen2_unit "cpu"
Info: nios2_gen2_0_data_master_translator: "mm_interconnect_0" instantiated altera_merlin_master_translator "nios2_gen2_0_data_master_translator"
Info: jtag_uart_0_avalon_jtag_slave_translator: "mm_interconnect_0" instantiated altera_merlin_slave_translator "jtag_uart_0_avalon_jtag_slave_translator"
Info: nios2_gen2_0_data_master_agent: "mm_interconnect_0" instantiated altera_merlin_master_agent "nios2_gen2_0_data_master_agent"
Info: jtag_uart_0_avalon_jtag_slave_agent: "mm_interconnect_0" instantiated altera_merlin_slave_agent "jtag_uart_0_avalon_jtag_slave_agent"
Info: jtag_uart_0_avalon_jtag_slave_agent_rsp_fifo: "mm_interconnect_0" instantiated altera_avalon_sc_fifo "jtag_uart_0_avalon_jtag_slave_agent_rsp_fifo"
Info: router: "mm_interconnect_0" instantiated altera_merlin_router "router"
Info: router_002: "mm_interconnect_0" instantiated altera_merlin_router "router_002"
Info: router_008: "mm_interconnect_0" instantiated altera_merlin_router "router_008"
Info: sdram_s1_burst_adapter: "mm_interconnect_0" instantiated altera_merlin_burst_adapter "sdram_s1_burst_adapter"
Info: cmd_demux: "mm_interconnect_0" instantiated altera_merlin_demultiplexer "cmd_demux"
Info: cmd_mux: "mm_interconnect_0" instantiated altera_merlin_multiplexer "cmd_mux"
Info: rsp_demux: "mm_interconnect_0" instantiated altera_merlin_demultiplexer "rsp_demux"
Info: rsp_mux: "mm_interconnect_0" instantiated altera_merlin_multiplexer "rsp_mux"
Info: Reusing file D:/Documents/UIUC/ECE/385/FinalProject/chesssoc/synthesis/submodules/altera_merlin_arbitrator.sv
Info: sdram_s1_rsp_width_adapter: "mm_interconnect_0" instantiated altera_merlin_width_adapter "sdram_s1_rsp_width_adapter"
Info: Reusing file D:/Documents/UIUC/ECE/385/FinalProject/chesssoc/synthesis/submodules/altera_merlin_address_alignment.sv
Info: Reusing file D:/Documents/UIUC/ECE/385/FinalProject/chesssoc/synthesis/submodules/altera_merlin_burst_uncompressor.sv
Info: crosser: "mm_interconnect_0" instantiated altera_avalon_st_handshake_clock_crosser "crosser"
Info: Reusing file D:/Documents/UIUC/ECE/385/FinalProject/chesssoc/synthesis/submodules/altera_avalon_st_pipeline_base.v
Info: avalon_st_adapter: "mm_interconnect_0" instantiated altera_avalon_st_adapter "avalon_st_adapter"
Info: avalon_st_adapter_006: "mm_interconnect_0" instantiated altera_avalon_st_adapter "avalon_st_adapter_006"
Info: error_adapter_0: "avalon_st_adapter" instantiated error_adapter "error_adapter_0"
Info: error_adapter_0: "avalon_st_adapter_006" instantiated error_adapter "error_adapter_0"
Info: chesssoc: Done "chesssoc" with 39 modules, 69 files
Info: qsys-generate succeeded.
Info: Finished: Create HDL design files for synthesis
